<?xml version="1.0" encoding="UTF-8" ?>
<testsuite tests="21" failures="0" name="testes.TesteJUnit" time="18.061" errors="0" skipped="0">
  <properties>
    <property name="java.runtime.name" value="Java(TM) SE Runtime Environment"/>
    <property name="sun.boot.library.path" value="/usr/lib/jvm/java-8-oracle/jre/lib/amd64"/>
    <property name="java.vm.version" value="25.60-b23"/>
    <property name="java.vm.vendor" value="Oracle Corporation"/>
    <property name="java.vendor.url" value="http://java.oracle.com/"/>
    <property name="path.separator" value=":"/>
    <property name="guice.disable.misplaced.annotation.check" value="true"/>
    <property name="java.vm.name" value="Java HotSpot(TM) 64-Bit Server VM"/>
    <property name="file.encoding.pkg" value="sun.io"/>
    <property name="user.country" value="BR"/>
    <property name="sun.java.launcher" value="SUN_STANDARD"/>
    <property name="sun.os.patch.level" value="unknown"/>
    <property name="test" value="testes.TesteJUnit"/>
    <property name="java.vm.specification.name" value="Java Virtual Machine Specification"/>
    <property name="user.dir" value="/home/matheus/Documentos/Workspace/NetbeansProjects/Aula25"/>
    <property name="java.runtime.version" value="1.8.0_60-b27"/>
    <property name="java.awt.graphicsenv" value="sun.awt.X11GraphicsEnvironment"/>
    <property name="java.endorsed.dirs" value="/usr/lib/jvm/java-8-oracle/jre/lib/endorsed"/>
    <property name="os.arch" value="amd64"/>
    <property name="java.io.tmpdir" value="/tmp"/>
    <property name="line.separator" value="
"/>
    <property name="java.vm.specification.vendor" value="Oracle Corporation"/>
    <property name="os.name" value="Linux"/>
    <property name="maven.ext.class.path" value="/home/matheus/Programas/netbeans-8.0.2/java/maven-nblib/netbeans-eventspy.jar"/>
    <property name="classworlds.conf" value="/home/matheus/Programas/netbeans-8.0.2/java/maven/bin/m2.conf"/>
    <property name="sun.jnu.encoding" value="UTF-8"/>
    <property name="java.library.path" value="/usr/lib/jvm/java-8-oracle/jre/lib/amd64:/usr/lib/jvm/java-8-oracle/jre/lib/i386::/usr/java/packages/lib/amd64:/usr/lib64:/lib64:/lib:/usr/lib"/>
    <property name="java.specification.name" value="Java Platform API Specification"/>
    <property name="java.class.version" value="52.0"/>
    <property name="sun.management.compiler" value="HotSpot 64-Bit Tiered Compilers"/>
    <property name="os.version" value="3.16.0-46-generic"/>
    <property name="user.home" value="/home/matheus"/>
    <property name="user.timezone" value="America/Sao_Paulo"/>
    <property name="java.awt.printerjob" value="sun.print.PSPrinterJob"/>
    <property name="java.specification.version" value="1.8"/>
    <property name="file.encoding" value="UTF-8"/>
    <property name="user.name" value="matheus"/>
    <property name="java.class.path" value="/home/matheus/Programas/netbeans-8.0.2/java/maven/boot/plexus-classworlds-2.4.jar"/>
    <property name="java.vm.specification.version" value="1.8"/>
    <property name="sun.arch.data.model" value="64"/>
    <property name="java.home" value="/usr/lib/jvm/java-8-oracle/jre"/>
    <property name="sun.java.command" value="org.codehaus.plexus.classworlds.launcher.Launcher -Dtest=testes.TesteJUnit -Dmaven.ext.class.path=/home/matheus/Programas/netbeans-8.0.2/java/maven-nblib/netbeans-eventspy.jar surefire:test"/>
    <property name="java.specification.vendor" value="Oracle Corporation"/>
    <property name="user.language" value="pt"/>
    <property name="awt.toolkit" value="sun.awt.X11.XToolkit"/>
    <property name="java.vm.info" value="mixed mode"/>
    <property name="java.version" value="1.8.0_60"/>
    <property name="java.ext.dirs" value="/usr/lib/jvm/java-8-oracle/jre/lib/ext:/usr/java/packages/lib/ext"/>
    <property name="securerandom.source" value="file:/dev/./urandom"/>
    <property name="sun.boot.class.path" value="/usr/lib/jvm/java-8-oracle/jre/lib/resources.jar:/usr/lib/jvm/java-8-oracle/jre/lib/rt.jar:/usr/lib/jvm/java-8-oracle/jre/lib/sunrsasign.jar:/usr/lib/jvm/java-8-oracle/jre/lib/jsse.jar:/usr/lib/jvm/java-8-oracle/jre/lib/jce.jar:/usr/lib/jvm/java-8-oracle/jre/lib/charsets.jar:/usr/lib/jvm/java-8-oracle/jre/lib/jfr.jar:/usr/lib/jvm/java-8-oracle/jre/classes"/>
    <property name="java.vendor" value="Oracle Corporation"/>
    <property name="maven.home" value="/home/matheus/Programas/netbeans-8.0.2/java/maven"/>
    <property name="file.separator" value="/"/>
    <property name="java.vendor.url.bug" value="http://bugreport.sun.com/bugreport/"/>
    <property name="sun.cpu.endian" value="little"/>
    <property name="sun.io.unicode.encoding" value="UnicodeLittle"/>
    <property name="sun.desktop" value="gnome"/>
    <property name="sun.cpu.isalist" value=""/>
  </properties>
  <testcase classname="testes.TesteJUnit" name="testDeleteItemNota" time="2.102"/>
  <testcase classname="testes.TesteJUnit" name="testMaisVendidosPessoaJuridica" time="0.915"/>
  <testcase classname="testes.TesteJUnit" name="testReadProduto" time="0.792"/>
  <testcase classname="testes.TesteJUnit" name="testUpdatePessoaJuridica" time="0.731"/>
  <testcase classname="testes.TesteJUnit" name="testReadPessoaJuridica" time="0.714"/>
  <testcase classname="testes.TesteJUnit" name="testUpdateNota" time="0.98"/>
  <testcase classname="testes.TesteJUnit" name="testDeletePessoaJuridica" time="0.711"/>
  <testcase classname="testes.TesteJUnit" name="testCriarPessoaFisica" time="0.783"/>
  <testcase classname="testes.TesteJUnit" name="testCreateProduto" time="0.846"/>
  <testcase classname="testes.TesteJUnit" name="testValorNota" time="0.766"/>
  <testcase classname="testes.TesteJUnit" name="testReadNota" time="0.713"/>
  <testcase classname="testes.TesteJUnit" name="testUpdateProduto" time="0.676"/>
  <testcase classname="testes.TesteJUnit" name="testCreateNota" time="0.803"/>
  <testcase classname="testes.TesteJUnit" name="testDeleteNota" time="0.733"/>
  <testcase classname="testes.TesteJUnit" name="testUpdateNotaIncludeItem" time="1.059"/>
  <testcase classname="testes.TesteJUnit" name="testDeleteProduto" time="0.712"/>
  <testcase classname="testes.TesteJUnit" name="testDeletePessoaFisica" time="0.816"/>
  <testcase classname="testes.TesteJUnit" name="testCriarPessoaJuridica" time="0.698"/>
  <testcase classname="testes.TesteJUnit" name="testMaisCompradosPessoaFisica" time="0.887"/>
  <testcase classname="testes.TesteJUnit" name="testUpdatePessoaFisica" time="0.79"/>
  <testcase classname="testes.TesteJUnit" name="testReadPessoaFisica" time="0.719"/>
</testsuite>